21.06.2022 00:15:43	This log contains information about the import schema operation into project 'Database1' on computer 'WINSERV01' by user 'Administrator'.
21.06.2022 00:15:44	Import of database schema has started.
21.06.2022 00:15:44	Gathering database credentials
21.06.2022 00:15:44	Gathering database options
21.06.2022 00:15:45	Gathering generic database scoped configuration option
21.06.2022 00:15:45	Gathering users
21.06.2022 00:15:45	Gathering roles
21.06.2022 00:15:45	Gathering application roles
21.06.2022 00:15:45	Gathering role memberships
21.06.2022 00:15:45	Gathering filegroups
21.06.2022 00:15:45	Gathering full-text catalogs
21.06.2022 00:15:45	Gathering assemblies
21.06.2022 00:15:45	Gathering certificates
21.06.2022 00:15:45	Gathering asymmetric keys
21.06.2022 00:15:45	Gathering symmetric keys
21.06.2022 00:15:45	Gathering encrypted symmetric keys
21.06.2022 00:15:45	Gathering schemas
21.06.2022 00:15:45	Gathering XML schema collections
21.06.2022 00:15:45	Gathering user-defined data types
21.06.2022 00:15:45	Gathering user-defined types
21.06.2022 00:15:45	Gathering table types
21.06.2022 00:15:45	Gathering unique keys for table types
21.06.2022 00:15:45	Gathering primary keys for table types
21.06.2022 00:15:45	Gathering indexes for table types
21.06.2022 00:15:45	Gathering check constraints for table types
21.06.2022 00:15:45	Gathering default constraints for table types
21.06.2022 00:15:45	Gathering partition functions
21.06.2022 00:15:45	Gathering partition schemes
21.06.2022 00:15:45	Gathering functions
21.06.2022 00:15:45	Gathering encrypted functions
21.06.2022 00:15:45	Gathering aggregates
21.06.2022 00:15:45	Gathering procedures
21.06.2022 00:15:45	Gathering encrypted procedures
21.06.2022 00:15:45	Gathering tables
21.06.2022 00:15:45	Gathering primary keys
21.06.2022 00:15:45	Gathering unique constraints
21.06.2022 00:15:45	Gathering foreign keys
21.06.2022 00:15:45	Gathering default constraints
21.06.2022 00:15:45	Gathering check constraints
21.06.2022 00:15:45	Gathering views
21.06.2022 00:15:45	Gathering encrypted views
21.06.2022 00:15:45	Gathering indexes
21.06.2022 00:15:45	Gathering statistics
21.06.2022 00:15:45	Gathering full-text index stoplists
21.06.2022 00:15:45	Gathering search property lists
21.06.2022 00:15:45	Gathering search properties
21.06.2022 00:15:45	Gathering full-text indexes
21.06.2022 00:15:45	Gathering column store indexes
21.06.2022 00:15:45	Gathering spatial indexes
21.06.2022 00:15:45	Gathering XML indexes
21.06.2022 00:15:45	Gathering Selective XML indexes
21.06.2022 00:15:45	Gathering encrypted triggers
21.06.2022 00:15:45	Gathering triggers
21.06.2022 00:15:45	Gathering encrypted and clr ddl triggers
21.06.2022 00:15:45	Gathering ddl triggers
21.06.2022 00:15:45	Creating edge constraints
21.06.2022 00:15:45	Gathering synonyms
21.06.2022 00:15:45	Gathering defaults
21.06.2022 00:15:45	Gathering data constraint uddt bindings
21.06.2022 00:15:45	Gathering rules
21.06.2022 00:15:45	Gathering data constraint uddt bindings
21.06.2022 00:15:45	Gathering message types
21.06.2022 00:15:45	Gathering queues
21.06.2022 00:15:45	Gathering contracts
21.06.2022 00:15:45	Gathering services
21.06.2022 00:15:45	Gathering event notifications
21.06.2022 00:15:45	Gathering remote service bindings
21.06.2022 00:15:45	Gathering broker priorities
21.06.2022 00:15:45	Gathering signatures
21.06.2022 00:15:45	Gathering data compression options
21.06.2022 00:15:45	Gathering sequence types
21.06.2022 00:15:45	Gathering security policies
21.06.2022 00:15:45	Gather column encryption keys
21.06.2022 00:15:45	Gathering column master keys
21.06.2022 00:15:45	Gathering external data sources
21.06.2022 00:15:45	Gathering external file formats
21.06.2022 00:15:45	Gathering external tables
21.06.2022 00:15:45	Gathering extended properties
21.06.2022 00:15:45	Gathering assemblies
21.06.2022 00:15:45	Gathering credentials
21.06.2022 00:15:45	Gathering logins
21.06.2022 00:15:45	Gathering server audits
21.06.2022 00:15:45	Finished importing database.
21.06.2022 00:15:45	A summary of the import was saved to the following location: C:\Users\Administrator\source\repos\Database1\Import Schema Logs\Database1_20220620101543.log
21.06.2022 00:15:45	Click Finish to continue...
